<?xml version="1.0" encoding="UTF-8" ?>
<testsuite tests="7" failures="0" name="com.example.CalculatorTest" time="0.006" errors="0" skipped="0">
  <properties>
[...]
</properties>
  <testcase classname="com.example.CalculatorTest" name="addTwoPositiveNumbers" time="0.003"/>
  <testcase classname="com.example.CalculatorTest" name="addTwoBigPositiveNumbersForBoundry" time="0.001"/>
  <testcase classname="com.example.CalculatorTest" name="addTwoNegativeNumbers" time="0"/>
  <testcase classname="com.example.CalculatorTest" name="divideTwoPositiveNumbers" time="0"/>
  <testcase classname="com.example.CalculatorTest" name="divideTwoPositiveNumbersForSLA" time="0.001"/>
  <testcase classname="com.example.CalculatorTest" name="addPositiveAndNegativeNumber" time="0.001"/>
  <testcase classname="com.example.CalculatorTest" name="divideByZeroForException" time="0"/>
</testsuite>